<?xml version="1.0" encoding="UTF-8"?>
<testng-results ignored="0" total="1" passed="1" failed="0" skipped="0">
  <reporter-output>
  </reporter-output>
  <suite started-at="2021-07-14T23:40:41 EDT" name="Default suite" finished-at="2021-07-14T23:40:50 EDT" duration-ms="9035">
    <groups>
    </groups>
    <test started-at="2021-07-14T23:40:41 EDT" name="Default test" finished-at="2021-07-14T23:40:50 EDT" duration-ms="9035">
      <class name="com.test.TestNG">
        <test-method is-config="true" signature="setup()[pri:0, instance:com.test.TestNG@44821a96]" started-at="2021-07-14T23:40:41 EDT" name="setup" finished-at="2021-07-14T23:40:45 EDT" duration-ms="4207" status="PASS">
          <reporter-output>
          </reporter-output>
        </test-method> <!-- setup -->
        <test-method signature="login()[pri:0, instance:com.test.TestNG@44821a96]" started-at="2021-07-14T23:40:45 EDT" name="login" finished-at="2021-07-14T23:40:49 EDT" duration-ms="3997" status="PASS">
          <reporter-output>
          </reporter-output>
        </test-method> <!-- login -->
        <test-method is-config="true" signature="teardown()[pri:0, instance:com.test.TestNG@44821a96]" started-at="2021-07-14T23:40:49 EDT" name="teardown" finished-at="2021-07-14T23:40:50 EDT" duration-ms="779" status="PASS">
          <reporter-output>
          </reporter-output>
        </test-method> <!-- teardown -->
      </class> <!-- com.test.TestNG -->
    </test> <!-- Default test -->
  </suite> <!-- Default suite -->
</testng-results>
